{"C:\\Users\\cyril\\Desktop\\hetic_web2\\cours_test\\test1\\index.js": {"path":"C:\\Users\\cyril\\Desktop\\hetic_web2\\cours_test\\test1\\index.js","statementMap":{"0":{"start":{"line":2,"column":2},"end":{"line":2,"column":14}},"1":{"start":{"line":7,"column":14},"end":{"line":7,"column":28}},"2":{"start":{"line":8,"column":4},"end":{"line":8,"column":27}},"3":{"start":{"line":8,"column":21},"end":{"line":8,"column":26}},"4":{"start":{"line":9,"column":4},"end":{"line":9,"column":12}},"5":{"start":{"line":14,"column":4},"end":{"line":16,"column":5}},"6":{"start":{"line":15,"column":8},"end":{"line":15,"column":49}},"7":{"start":{"line":17,"column":4},"end":{"line":19,"column":5}},"8":{"start":{"line":18,"column":8},"end":{"line":18,"column":54}},"9":{"start":{"line":20,"column":4},"end":{"line":22,"column":5}},"10":{"start":{"line":21,"column":8},"end":{"line":21,"column":16}},"11":{"start":{"line":23,"column":17},"end":{"line":23,"column":18}},"12":{"start":{"line":24,"column":4},"end":{"line":26,"column":5}},"13":{"start":{"line":24,"column":17},"end":{"line":24,"column":18}},"14":{"start":{"line":25,"column":8},"end":{"line":25,"column":19}},"15":{"start":{"line":27,"column":4},"end":{"line":27,"column":17}},"16":{"start":{"line":33,"column":17},"end":{"line":33,"column":19}},"17":{"start":{"line":34,"column":23},"end":{"line":34,"column":34}},"18":{"start":{"line":35,"column":16},"end":{"line":35,"column":17}},"19":{"start":{"line":36,"column":4},"end":{"line":49,"column":13}},"20":{"start":{"line":36,"column":16},"end":{"line":36,"column":17}},"21":{"start":{"line":38,"column":12},"end":{"line":48,"column":17}},"22":{"start":{"line":40,"column":20},"end":{"line":40,"column":36}},"23":{"start":{"line":41,"column":20},"end":{"line":41,"column":43}},"24":{"start":{"line":42,"column":20},"end":{"line":42,"column":47}},"25":{"start":{"line":43,"column":20},"end":{"line":43,"column":30}},"26":{"start":{"line":47,"column":20},"end":{"line":47,"column":29}},"27":{"start":{"line":50,"column":8},"end":{"line":50,"column":24}},"28":{"start":{"line":51,"column":8},"end":{"line":51,"column":31}},"29":{"start":{"line":52,"column":8},"end":{"line":52,"column":22}}},"fnMap":{"0":{"name":"sum","decl":{"start":{"line":1,"column":16},"end":{"line":1,"column":19}},"loc":{"start":{"line":1,"column":26},"end":{"line":3,"column":1}},"line":1},"1":{"name":"crescent","decl":{"start":{"line":6,"column":16},"end":{"line":6,"column":24}},"loc":{"start":{"line":6,"column":27},"end":{"line":10,"column":1}},"line":6},"2":{"name":"(anonymous_2)","decl":{"start":{"line":8,"column":11},"end":{"line":8,"column":12}},"loc":{"start":{"line":8,"column":21},"end":{"line":8,"column":26}},"line":8},"3":{"name":"factorial","decl":{"start":{"line":13,"column":16},"end":{"line":13,"column":25}},"loc":{"start":{"line":13,"column":29},"end":{"line":28,"column":1}},"line":13},"4":{"name":"RLE","decl":{"start":{"line":31,"column":16},"end":{"line":31,"column":19}},"loc":{"start":{"line":32,"column":0},"end":{"line":53,"column":null}},"line":32}},"branchMap":{"0":{"loc":{"start":{"line":14,"column":4},"end":{"line":16,"column":5}},"type":"if","locations":[{"start":{"line":14,"column":4},"end":{"line":16,"column":5}},{"start":{},"end":{}}],"line":14},"1":{"loc":{"start":{"line":14,"column":8},"end":{"line":14,"column":48}},"type":"binary-expr","locations":[{"start":{"line":14,"column":8},"end":{"line":14,"column":29}},{"start":{"line":14,"column":33},"end":{"line":14,"column":48}}],"line":14},"2":{"loc":{"start":{"line":17,"column":4},"end":{"line":19,"column":5}},"type":"if","locations":[{"start":{"line":17,"column":4},"end":{"line":19,"column":5}},{"start":{},"end":{}}],"line":17},"3":{"loc":{"start":{"line":20,"column":4},"end":{"line":22,"column":5}},"type":"if","locations":[{"start":{"line":20,"column":4},"end":{"line":22,"column":5}},{"start":{},"end":{}}],"line":20},"4":{"loc":{"start":{"line":20,"column":8},"end":{"line":20,"column":26}},"type":"binary-expr","locations":[{"start":{"line":20,"column":8},"end":{"line":20,"column":15}},{"start":{"line":20,"column":19},"end":{"line":20,"column":26}}],"line":20},"5":{"loc":{"start":{"line":38,"column":12},"end":{"line":48,"column":17}},"type":"if","locations":[{"start":{"line":38,"column":12},"end":{"line":48,"column":17}},{"start":{"line":46,"column":16},"end":{"line":48,"column":17}}],"line":38}},"s":{"0":1,"1":1,"2":1,"3":5,"4":1,"5":4,"6":1,"7":3,"8":1,"9":2,"10":1,"11":1,"12":1,"13":1,"14":4,"15":1,"16":2,"17":2,"18":2,"19":2,"20":2,"21":7,"22":1,"23":1,"24":1,"25":1,"26":6,"27":2,"28":2,"29":2},"f":{"0":1,"1":1,"2":5,"3":4,"4":2},"b":{"0":[1,3],"1":[4,3],"2":[1,2],"3":[1,1],"4":[2,2],"5":[1,6]},"meta":{"lastBranch":6,"lastFunction":5,"lastStatement":30,"seen":{"f:1:16:1:19":0,"s:2:2:2:14":0,"f:6:16:6:24":1,"s:7:14:7:28":1,"s:8:4:8:27":2,"f:8:11:8:12":2,"s:8:21:8:26":3,"s:9:4:9:12":4,"f:13:16:13:25":3,"b:14:4:16:5:undefined:undefined:undefined:undefined":0,"s:14:4:16:5":5,"b:14:8:14:29:14:33:14:48":1,"s:15:8:15:49":6,"b:17:4:19:5:undefined:undefined:undefined:undefined":2,"s:17:4:19:5":7,"s:18:8:18:54":8,"b:20:4:22:5:undefined:undefined:undefined:undefined":3,"s:20:4:22:5":9,"b:20:8:20:15:20:19:20:26":4,"s:21:8:21:16":10,"s:23:17:23:18":11,"s:24:4:26:5":12,"s:24:17:24:18":13,"s:25:8:25:19":14,"s:27:4:27:17":15,"f:31:16:31:19":4,"s:33:17:33:19":16,"s:34:23:34:34":17,"s:35:16:35:17":18,"s:36:4:49:13":19,"s:36:16:36:17":20,"b:38:12:48:17:46:16:48:17":5,"s:38:12:48:17":21,"s:40:20:40:36":22,"s:41:20:41:43":23,"s:42:20:42:47":24,"s:43:20:43:30":25,"s:47:20:47:29":26,"s:50:8:50:24":27,"s:51:8:51:31":28,"s:52:8:52:22":29}}}
,"C:\\Users\\cyril\\Desktop\\hetic_web2\\cours_test\\test1\\item.js": {"path":"C:\\Users\\cyril\\Desktop\\hetic_web2\\cours_test\\test1\\item.js","statementMap":{"0":{"start":{"line":6,"column":4},"end":{"line":6,"column":23}},"1":{"start":{"line":7,"column":4},"end":{"line":7,"column":53}},"2":{"start":{"line":12,"column":4},"end":{"line":12,"column":32}},"3":{"start":{"line":17,"column":4},"end":{"line":28,"column":5}},"4":{"start":{"line":17,"column":17},"end":{"line":17,"column":18}},"5":{"start":{"line":19,"column":17},"end":{"line":19,"column":30}},"6":{"start":{"line":20,"column":6},"end":{"line":24,"column":7}},"7":{"start":{"line":22,"column":8},"end":{"line":22,"column":29}},"8":{"start":{"line":23,"column":8},"end":{"line":23,"column":20}},"9":{"start":{"line":26,"column":6},"end":{"line":27,"column":15}},"10":{"start":{"line":27,"column":8},"end":{"line":27,"column":15}},"11":{"start":{"line":30,"column":4},"end":{"line":30,"column":59}},"12":{"start":{"line":35,"column":4},"end":{"line":44,"column":5}},"13":{"start":{"line":35,"column":16},"end":{"line":35,"column":17}},"14":{"start":{"line":37,"column":17},"end":{"line":37,"column":30}},"15":{"start":{"line":39,"column":6},"end":{"line":43,"column":7}},"16":{"start":{"line":41,"column":8},"end":{"line":41,"column":29}},"17":{"start":{"line":42,"column":8},"end":{"line":42,"column":15}},"18":{"start":{"line":46,"column":4},"end":{"line":46,"column":48}},"19":{"start":{"line":51,"column":4},"end":{"line":60,"column":5}},"20":{"start":{"line":53,"column":17},"end":{"line":53,"column":34}},"21":{"start":{"line":55,"column":6},"end":{"line":59,"column":7}},"22":{"start":{"line":57,"column":8},"end":{"line":57,"column":33}},"23":{"start":{"line":58,"column":8},"end":{"line":58,"column":15}},"24":{"start":{"line":62,"column":4},"end":{"line":62,"column":38}},"25":{"start":{"line":70,"column":4},"end":{"line":70,"column":17}},"26":{"start":{"line":71,"column":4},"end":{"line":71,"column":21}}},"fnMap":{"0":{"name":"(anonymous_0)","decl":{"start":{"line":4,"column":2},"end":{"line":4,"column":13}},"loc":{"start":{"line":5,"column":2},"end":{"line":8,"column":3}},"line":5},"1":{"name":"(anonymous_1)","decl":{"start":{"line":10,"column":2},"end":{"line":10,"column":9}},"loc":{"start":{"line":11,"column":2},"end":{"line":13,"column":3}},"line":11},"2":{"name":"(anonymous_2)","decl":{"start":{"line":15,"column":2},"end":{"line":15,"column":18}},"loc":{"start":{"line":16,"column":2},"end":{"line":31,"column":3}},"line":16},"3":{"name":"(anonymous_3)","decl":{"start":{"line":33,"column":2},"end":{"line":33,"column":16}},"loc":{"start":{"line":34,"column":2},"end":{"line":47,"column":3}},"line":34},"4":{"name":"(anonymous_4)","decl":{"start":{"line":49,"column":2},"end":{"line":49,"column":9}},"loc":{"start":{"line":50,"column":2},"end":{"line":63,"column":3}},"line":50},"5":{"name":"(anonymous_5)","decl":{"start":{"line":68,"column":2},"end":{"line":68,"column":13}},"loc":{"start":{"line":69,"column":2},"end":{"line":72,"column":3}},"line":69}},"branchMap":{"0":{"loc":{"start":{"line":20,"column":6},"end":{"line":24,"column":7}},"type":"if","locations":[{"start":{"line":20,"column":6},"end":{"line":24,"column":7}},{"start":{},"end":{}}],"line":20},"1":{"loc":{"start":{"line":20,"column":11},"end":{"line":20,"column":44}},"type":"binary-expr","locations":[{"start":{"line":20,"column":11},"end":{"line":20,"column":23}},{"start":{"line":20,"column":27},"end":{"line":20,"column":44}}],"line":20},"2":{"loc":{"start":{"line":26,"column":6},"end":{"line":27,"column":15}},"type":"if","locations":[{"start":{"line":26,"column":6},"end":{"line":27,"column":15}},{"start":{},"end":{}}],"line":26},"3":{"loc":{"start":{"line":39,"column":6},"end":{"line":43,"column":7}},"type":"if","locations":[{"start":{"line":39,"column":6},"end":{"line":43,"column":7}},{"start":{},"end":{}}],"line":39},"4":{"loc":{"start":{"line":39,"column":11},"end":{"line":39,"column":44}},"type":"binary-expr","locations":[{"start":{"line":39,"column":11},"end":{"line":39,"column":23}},{"start":{"line":39,"column":27},"end":{"line":39,"column":44}}],"line":39},"5":{"loc":{"start":{"line":55,"column":6},"end":{"line":59,"column":7}},"type":"if","locations":[{"start":{"line":55,"column":6},"end":{"line":59,"column":7}},{"start":{},"end":{}}],"line":55}},"s":{"0":4,"1":4,"2":1,"3":1,"4":1,"5":50,"6":50,"7":1,"8":1,"9":50,"10":0,"11":1,"12":1,"13":1,"14":50,"15":50,"16":0,"17":0,"18":1,"19":3,"20":3,"21":3,"22":3,"23":3,"24":0,"25":3,"26":3},"f":{"0":4,"1":1,"2":1,"3":1,"4":3,"5":3},"b":{"0":[1,49],"1":[50,1],"2":[0,50],"3":[0,50],"4":[50,0],"5":[3,0]},"meta":{"lastBranch":6,"lastFunction":6,"lastStatement":27,"seen":{"f:4:2:4:13":0,"s:6:4:6:23":0,"s:7:4:7:53":1,"f:10:2:10:9":1,"s:12:4:12:32":2,"f:15:2:15:18":2,"s:17:4:28:5":3,"s:17:17:17:18":4,"s:19:17:19:30":5,"b:20:6:24:7:undefined:undefined:undefined:undefined":0,"s:20:6:24:7":6,"b:20:11:20:23:20:27:20:44":1,"s:22:8:22:29":7,"s:23:8:23:20":8,"b:26:6:27:15:undefined:undefined:undefined:undefined":2,"s:26:6:27:15":9,"s:27:8:27:15":10,"s:30:4:30:59":11,"f:33:2:33:16":3,"s:35:4:44:5":12,"s:35:16:35:17":13,"s:37:17:37:30":14,"b:39:6:43:7:undefined:undefined:undefined:undefined":3,"s:39:6:43:7":15,"b:39:11:39:23:39:27:39:44":4,"s:41:8:41:29":16,"s:42:8:42:15":17,"s:46:4:46:48":18,"f:49:2:49:9":4,"s:51:4:60:5":19,"s:53:17:53:34":20,"b:55:6:59:7:undefined:undefined:undefined:undefined":5,"s:55:6:59:7":21,"s:57:8:57:33":22,"s:58:8:58:15":23,"s:62:4:62:38":24,"f:68:2:68:13":5,"s:70:4:70:17":25,"s:71:4:71:21":26}}}
,"C:\\Users\\cyril\\Desktop\\hetic_web2\\cours_test\\test1\\tp2.js": {"path":"C:\\Users\\cyril\\Desktop\\hetic_web2\\cours_test\\test1\\tp2.js","statementMap":{"0":{"start":{"line":3,"column":4},"end":{"line":9,"column":7}},"1":{"start":{"line":4,"column":8},"end":{"line":8,"column":17}},"2":{"start":{"line":5,"column":24},"end":{"line":5,"column":50}},"3":{"start":{"line":6,"column":12},"end":{"line":6,"column":29}},"4":{"start":{"line":7,"column":12},"end":{"line":7,"column":25}},"5":{"start":{"line":14,"column":21},"end":{"line":16,"column":5}},"6":{"start":{"line":17,"column":4},"end":{"line":19,"column":5}},"7":{"start":{"line":18,"column":8},"end":{"line":18,"column":58}},"8":{"start":{"line":20,"column":4},"end":{"line":20,"column":27}}},"fnMap":{"0":{"name":"wait","decl":{"start":{"line":2,"column":16},"end":{"line":2,"column":20}},"loc":{"start":{"line":2,"column":23},"end":{"line":10,"column":1}},"line":2},"1":{"name":"(anonymous_1)","decl":{"start":{"line":3,"column":23},"end":{"line":3,"column":24}},"loc":{"start":{"line":3,"column":36},"end":{"line":9,"column":5}},"line":3},"2":{"name":"(anonymous_2)","decl":{"start":{"line":4,"column":19},"end":{"line":4,"column":20}},"loc":{"start":{"line":4,"column":25},"end":{"line":8,"column":9}},"line":4},"3":{"name":"fetchUser","decl":{"start":{"line":13,"column":22},"end":{"line":13,"column":31}},"loc":{"start":{"line":13,"column":36},"end":{"line":21,"column":null}},"line":13}},"branchMap":{"0":{"loc":{"start":{"line":17,"column":4},"end":{"line":19,"column":5}},"type":"if","locations":[{"start":{"line":17,"column":4},"end":{"line":19,"column":5}},{"start":{},"end":{}}],"line":17}},"s":{"0":1,"1":1,"2":1,"3":1,"4":1,"5":2,"6":2,"7":1,"8":1},"f":{"0":1,"1":1,"2":1,"3":2},"b":{"0":[1,1]},"meta":{"lastBranch":1,"lastFunction":4,"lastStatement":9,"seen":{"f:2:16:2:20":0,"s:3:4:9:7":0,"f:3:23:3:24":1,"s:4:8:8:17":1,"f:4:19:4:20":2,"s:5:24:5:50":2,"s:6:12:6:29":3,"s:7:12:7:25":4,"f:13:22:13:31":3,"s:14:21:16:5":5,"b:17:4:19:5:undefined:undefined:undefined:undefined":0,"s:17:4:19:5":6,"s:18:8:18:58":7,"s:20:4:20:27":8}}}
}
